# JRE version: Java(TM) SE Runtime Environment (8.0_45-b15) (build 1.8.0_45-b15)
# Java VM: Java HotSpot(TM) 64-Bit Server VM (25.45-b02 mixed mode windows-amd64 compressed oops)
Heap:
 par new generation   total 78144K, used 5131K [0x00000000d0000000, 0x00000000d54c0000, 0x00000000e0000000)
  eden space 69504K,   7% used [0x00000000d0000000, 0x00000000d0502ee8, 0x00000000d43e0000)
  from space 8640K,   0% used [0x00000000d43e0000, 0x00000000d43e0000, 0x00000000d4c50000)
  to   space 8640K,   0% used [0x00000000d4c50000, 0x00000000d4c50000, 0x00000000d54c0000)
 concurrent mark-sweep generation total 173440K, used 79188K [0x00000000e0000000, 0x00000000ea960000, 0x0000000100000000)
 Metaspace       used 34448K, capacity 34760K, committed 35276K, reserved 1081344K
  class space    used 3151K, capacity 3276K, committed 3328K, reserved 1048576K
GC Heap History (10 events):
Event: 41.955 GC heap before
{Heap before GC invocations=39 (full 2):
 par new generation   total 78144K, used 73950K [0x00000000d0000000, 0x00000000d54c0000, 0x00000000e0000000)
  eden space 69504K, 100% used [0x00000000d0000000, 0x00000000d43e0000, 0x00000000d43e0000)
  from space 8640K,  51% used [0x00000000d43e0000, 0x00000000d48379b0, 0x00000000d4c50000)
  to   space 8640K,   0% used [0x00000000d4c50000, 0x00000000d4c50000, 0x00000000d54c0000)
 concurrent mark-sweep generation total 173440K, used 84386K [0x00000000e0000000, 0x00000000ea960000, 0x0000000100000000)
 Metaspace       used 33897K, capacity 34282K, committed 34764K, reserved 1081344K
  class space    used 3134K, capacity 3275K, committed 3328K, reserved 1048576K
Event: 42.009 GC heap after
Heap after GC invocations=40 (full 2):
 par new generation   total 78144K, used 8640K [0x00000000d0000000, 0x00000000d54c0000, 0x00000000e0000000)
  eden space 69504K,   0% used [0x00000000d0000000, 0x00000000d0000000, 0x00000000d43e0000)
  from space 8640K, 100% used [0x00000000d4c50000, 0x00000000d54c0000, 0x00000000d54c0000)
  to   space 8640K,   0% used [0x00000000d43e0000, 0x00000000d43e0000, 0x00000000d4c50000)
 concurrent mark-sweep generation total 173440K, used 97047K [0x00000000e0000000, 0x00000000ea960000, 0x0000000100000000)
 Metaspace       used 33897K, capacity 34282K, committed 34764K, reserved 1081344K
  class space    used 3134K, capacity 3275K, committed 3328K, reserved 1048576K
}
Event: 43.371 GC heap before
{Heap before GC invocations=40 (full 2):
 par new generation   total 78144K, used 76398K [0x00000000d0000000, 0x00000000d54c0000, 0x00000000e0000000)
  eden space 69504K,  97% used [0x00000000d0000000, 0x00000000d422bbf0, 0x00000000d43e0000)
  from space 8640K, 100% used [0x00000000d4c50000, 0x00000000d54c0000, 0x00000000d54c0000)
  to   space 8640K,   0% used [0x00000000d43e0000, 0x00000000d43e0000, 0x00000000d4c50000)
 concurrent mark-sweep generation total 173440K, used 97047K [0x00000000e0000000, 0x00000000ea960000, 0x0000000100000000)
 Metaspace       used 33934K, capacity 34282K, committed 34764K, reserved 1081344K
  class space    used 3136K, capacity 3275K, committed 3328K, reserved 1048576K
Event: 43.388 GC heap after
Heap after GC invocations=41 (full 2):
 par new generation   total 78144K, used 7604K [0x00000000d0000000, 0x00000000d54c0000, 0x00000000e0000000)
  eden space 69504K,   0% used [0x00000000d0000000, 0x00000000d0000000, 0x00000000d43e0000)
  from space 8640K,  88% used [0x00000000d43e0000, 0x00000000d4b4d298, 0x00000000d4c50000)
  to   space 8640K,   0% used [0x00000000d4c50000, 0x00000000d4c50000, 0x00000000d54c0000)
 concurrent mark-sweep generation total 173440K, used 103802K [0x00000000e0000000, 0x00000000ea960000, 0x0000000100000000)
 Metaspace       used 33934K, capacity 34282K, committed 34764K, reserved 1081344K
  class space    used 3136K, capacity 3275K, committed 3328K, reserved 1048576K
}
Event: 44.828 GC heap before
{Heap before GC invocations=41 (full 2):
 par new generation   total 78144K, used 76836K [0x00000000d0000000, 0x00000000d54c0000, 0x00000000e0000000)
  eden space 69504K,  99% used [0x00000000d0000000, 0x00000000d439be88, 0x00000000d43e0000)
  from space 8640K,  88% used [0x00000000d43e0000, 0x00000000d4b4d298, 0x00000000d4c50000)
  to   space 8640K,   0% used [0x00000000d4c50000, 0x00000000d4c50000, 0x00000000d54c0000)
 concurrent mark-sweep generation total 173440K, used 103802K [0x00000000e0000000, 0x00000000ea960000, 0x0000000100000000)
 Metaspace       used 33934K, capacity 34282K, committed 34764K, reserved 1081344K
  class space    used 3136K, capacity 3275K, committed 3328K, reserved 1048576K
Event: 44.835 GC heap after
Heap after GC invocations=42 (full 2):
 par new generation   total 78144K, used 2613K [0x00000000d0000000, 0x00000000d54c0000, 0x00000000e0000000)
  eden space 69504K,   0% used [0x00000000d0000000, 0x00000000d0000000, 0x00000000d43e0000)
  from space 8640K,  30% used [0x00000000d4c50000, 0x00000000d4edd4a0, 0x00000000d54c0000)
  to   space 8640K,   0% used [0x00000000d43e0000, 0x00000000d43e0000, 0x00000000d4c50000)
 concurrent mark-sweep generation total 173440K, used 105291K [0x00000000e0000000, 0x00000000ea960000, 0x0000000100000000)
 Metaspace       used 33934K, capacity 34282K, committed 34764K, reserved 1081344K
  class space    used 3136K, capacity 3275K, committed 3328K, reserved 1048576K
}
Event: 46.277 GC heap before
{Heap before GC invocations=42 (full 2):
 par new generation   total 78144K, used 71745K [0x00000000d0000000, 0x00000000d54c0000, 0x00000000e0000000)
  eden space 69504K,  99% used [0x00000000d0000000, 0x00000000d4383350, 0x00000000d43e0000)
  from space 8640K,  30% used [0x00000000d4c50000, 0x00000000d4edd4a0, 0x00000000d54c0000)
  to   space 8640K,   0% used [0x00000000d43e0000, 0x00000000d43e0000, 0x00000000d4c50000)
 concurrent mark-sweep generation total 173440K, used 105291K [0x00000000e0000000, 0x00000000ea960000, 0x0000000100000000)
 Metaspace       used 33934K, capacity 34282K, committed 34764K, reserved 1081344K
  class space    used 3136K, capacity 3275K, committed 3328K, reserved 1048576K
Event: 46.280 GC heap after
Heap after GC invocations=43 (full 2):
 par new generation   total 78144K, used 3891K [0x00000000d0000000, 0x00000000d54c0000, 0x00000000e0000000)
  eden space 69504K,   0% used [0x00000000d0000000, 0x00000000d0000000, 0x00000000d43e0000)
  from space 8640K,  45% used [0x00000000d43e0000, 0x00000000d47acd10, 0x00000000d4c50000)
  to   space 8640K,   0% used [0x00000000d4c50000, 0x00000000d4c50000, 0x00000000d54c0000)
 concurrent mark-sweep generation total 173440K, used 105291K [0x00000000e0000000, 0x00000000ea960000, 0x0000000100000000)
 Metaspace       used 33934K, capacity 34282K, committed 34764K, reserved 1081344K
  class space    used 3136K, capacity 3275K, committed 3328K, reserved 1048576K
}
Event: 47.191 GC heap before
{Heap before GC invocations=43 (full 2):
 par new generation   total 78144K, used 67604K [0x00000000d0000000, 0x00000000d54c0000, 0x00000000e0000000)
  eden space 69504K,  91% used [0x00000000d0000000, 0x00000000d3e384d0, 0x00000000d43e0000)
  from space 8640K,  45% used [0x00000000d43e0000, 0x00000000d47acd10, 0x00000000d4c50000)
  to   space 8640K,   0% used [0x00000000d4c50000, 0x00000000d4c50000, 0x00000000d54c0000)
 concurrent mark-sweep generation total 173440K, used 105291K [0x00000000e0000000, 0x00000000ea960000, 0x0000000100000000)
 Metaspace       used 34413K, capacity 34760K, committed 35276K, reserved 1081344K
  class space    used 3148K, capacity 3276K, committed 3328K, reserved 1048576K
Event: 47.351 GC heap after
Heap after GC invocations=44 (full 3):
 par new generation   total 78144K, used 0K [0x00000000d0000000, 0x00000000d54c0000, 0x00000000e0000000)
  eden space 69504K,   0% used [0x00000000d0000000, 0x00000000d0000000, 0x00000000d43e0000)
  from space 8640K,   0% used [0x00000000d43e0000, 0x00000000d43e0000, 0x00000000d4c50000)
  to   space 8640K,   0% used [0x00000000d4c50000, 0x00000000d4c50000, 0x00000000d54c0000)
 concurrent mark-sweep generation total 173440K, used 79188K [0x00000000e0000000, 0x00000000ea960000, 0x0000000100000000)
 Metaspace       used 34413K, capacity 34760K, committed 35276K, reserved 1081344K
  class space    used 3148K, capacity 3276K, committed 3328K, reserved 1048576K
}

